2018.11.26
WSSDeveloper.VSIX
Версия 1.3.1.0
Вьюшков А.
	По умолчанию префиксы WSSC.V4.DMS и WSSC.V4.SYS удаляются при указании названия проекта в шаблоне папки тестирования.
	Добавлена возможность указывать сокращения для названий проектов при формировании шаблона для папки тестирования.
	Добавлена возможность выбрать из 10 последних папок из папки тестирования.
	Окно выкладывания комплекта сделано модальным.

2018.11.26
WSSDeveloper.VSIX
Версия 1.3.0.8
Вьюшков А.
	З-2018-03236: добавлена возможность выбора папки тестирования из последних 10 вариантов.

2018.11.20
WSSDeveloper.VSIX
Версия 1.3.0.7
Вьюшков А.
	Локализация и рефакторинг всплывающих диалоговых сообщений.
	Добавлена поддержка формирования папки Release для проектов утилит, сервисов и пр.
	Добавлен обход ошибки с файлом db.lock при формировании архива проекта.

2018.10.23
WSSDeveloper.VSIX
Версия 1.3.0.6
Вьюшков А.
	Добавлена конфигурация Compile.
	Исправлено направление слешей в строке-пути к JS файлу в шаблоне контрола.
	В шаблоне проекта из деплоя по умолчанию исключена папка .vs. Ранее это приводило к ошибкам при деплое комплекта поставки.
	Исправлена ошибка, при которой в файл readme.txt не записывались свежие логи.

2018.08.30
WSSDeveloper.VSIX
Версия 1.3.0.5
Вьюшков А.
	Добавлена возможность задать имя текущего пользователя в настройке.
	Добавлен шаблон для папки при деплое в тестирование.

2018.08.17
WSSDeveloper.VSIX
Версия 1.3.0.4
Вьюшков А.
	Setup/uninstall bat присутствует в папке Release в шаблоне проекта.
	Исправлена ошибка со слешами при регистрации скрипта контрола формы в шаблоне контрола.
	Исправлен текст ошибки, если в проекте отсутствует папка Deploy.
	В экспериментальном режиме добавлена возможность автоматического указания доработки в Types..xml.

2018.04.26
WSSDeveloper.VSIX
Версия 1.3.0.3
Вьюшков А.
	Перевод кода на C# 7.
	Кнопки "ОК" и "Отмена" поменяны местами на форме добавления в Types.
	Поправлены пререквизиты.

2018.04.20
WSSDeveloper.VSIX
Версия 1.3.0.0.
Перевод расширения на .net 4.6.1 и VS2017.

Версия 1.3.0.1.
Исправлено формирование Readme для новых папок.

2018.03.29
WSSDeveloper.VSIX
Версия 1.2.14.1.
Рефакторинг.

2018.03.28
WSSDeveloper.VSIX
Версия 1.2.14.
Добавлено автоматическое определение ключа сборки для шаблонов.
Добавлен шаблон Types.xml.
Добавлена команда добавления в Types.xml. Отладка.

2018.03.16
WSSDeveloper.VSIX
Версия 1.2.13.
При добавлении контрола формы, файлу скрипта приписывается корректный префикс модуля.

2018.03.14
WSSDeveloper.VSIX
Версия 1.2.12.
Добавлена поддержка конвертации старых файлов Readme из ANSI в UTF8.

2017.12.04
WSSDeveloper.VSIX
Версия 1.2.11.
Добавлен вывод ссылки на сформированный комплект.
Очистка OutputPane при каждом новом вызове команды.
Окно не закрывается при отказе в создании папки.

2017.11.28
WSSDeveloper.VSIX
Версия 1.2.10.
Добавлена команда "Анализ References".

2017.11.27
WSSDeveloper.VSIX
Версия 1.2.9.
Добавлен вывод сообщения об окончании формирования Release.
Изменены настройки:
- Изменён внешний вид;
- Добавлены кнопки выбора путей к папкам;
- К настройкам добавлены описания.
Окно выкладывания комплектов:
- добавлена возможность ввести код заказчика вручную;
- добавлено автодополнение при вводе кода заказчика;
- добавлено автоматическое определение кода заказчика для проектов с названиями в виде WSSC.V4.DMS.%код_заказчика%.

2017.11.08
WSSDeveloper.VSIX
Рефакторинг, комментирование кода.
Добавлены шаблоны ASPX, ASMX.
Изменены названия пунктов настройки.

2017.11.07
WSSDeveloper.VSIX
Исправлена группировка логов при выкладывании нескольких модулей в комплекты поставки.
Добавлено выкладывание в тестирование, в выбранную папку.
Добавлена команда "Сформировать Release" - копирует *.dll файл модуля из папки /bin и *.wsp файл модуля из папки /Deploy в папку Release с чекаутом.
Исправлено удаление файлов. Принудительно снимается атрибут ReadOnly для файлов на чтение.
Добавлен удобный пикер папки.

2017.10.31
WSSDeveloper.VSIX
Добавлено копирование setup.bat/uninstall.bat при выкладывании комплекта.
Добавлены иконки для шаблонов.
Исправлено дублирование файлов в файле проекта.
Исправлено изображение иконки WSS на кнопках действий в темной теме.

2017.10.30
WSSDeveloper.VSIX
Реализовано выкладывание комплектов поставки. Тестирование.

2017.10.24
WSSDeveloper.VSIX
Реализована часть механизма выкладывания комплектов.

2017.10.01
WSSDeveloper.VSIX
Реализована команда добавления в DeployParams/Manifest.
Добавлена заглушка кнопки выкладывания комплекта проекта.

2017.09.29
WSSDeveloper.VSIX
Добавлена заглушка команды контекстного меню для добавления в DeployParams\Manifest.

2017.09.28
WSSDeveloper.VSIX
Корректировка шаблонов.

2017.09.26
WSSDeveloper.VSIX
Исправлена ошибка определения названия проекта\относительного пути в проекте.

2017.09.22
WSSDeveloper.VSIX
Доработан кастомный проект.
Исправлен деплой на машины без Visual Studio SDK и добавлена привязка WSS.Wizards.dll без необходимости дополнительной развёртки в GAC.

2017.09.21
WSSDeveloper.VSIX
Добавлен Wizard для шаблонов.
Добавлены замены для шаблонов: $projectname$ - название текущего проекта; $projectitem_rel_path$ - относительный путь к элементу в проекте.
Добавлено использование Wizard для Types.xml.
Добавлен шаблон кастомного проекта. (не отлажено)
Добавлено всплыващее окно с запросом кода заказчика. (не отлажено)

2017.09.19
WSSDeveloper.VSIX
Добавлен проект расширения.
Добавлены шаблоны контрола, обработчика, ASHX.
Добавлен шаблон обработчика на решение, Types.xml, периодической процедуры.